<?xml version="1.0" encoding="UTF-8"?>
<testng-results ignored="0" total="1" passed="1" failed="0" skipped="0">
  <reporter-output>
  </reporter-output>
  <suite started-at="2024-04-29T12:45:08 IST" name="Default suite" finished-at="2024-04-29T12:45:13 IST" duration-ms="4600">
    <groups>
    </groups>
    <test started-at="2024-04-29T12:45:08 IST" name="Default test" finished-at="2024-04-29T12:45:13 IST" duration-ms="4600">
      <class name="testngpkg.T1Test">
        <test-method is-config="true" signature="setUp()[pri:0, instance:testngpkg.T1Test@272113c4]" started-at="2024-04-29T12:45:09 IST" name="setUp" finished-at="2024-04-29T12:45:11 IST" duration-ms="2299" status="PASS">
          <reporter-output>
          </reporter-output>
        </test-method> <!-- setUp -->
        <test-method signature="t1()[pri:0, instance:testngpkg.T1Test@272113c4]" started-at="2024-04-29T12:45:11 IST" name="t1" finished-at="2024-04-29T12:45:13 IST" duration-ms="2007" status="PASS">
          <reporter-output>
          </reporter-output>
        </test-method> <!-- t1 -->
        <test-method is-config="true" signature="tearDown()[pri:0, instance:testngpkg.T1Test@272113c4]" started-at="2024-04-29T12:45:13 IST" name="tearDown" finished-at="2024-04-29T12:45:13 IST" duration-ms="261" status="PASS">
          <reporter-output>
          </reporter-output>
        </test-method> <!-- tearDown -->
      </class> <!-- testngpkg.T1Test -->
    </test> <!-- Default test -->
  </suite> <!-- Default suite -->
</testng-results>
